INFO 2024-04-09 12:05:44,409 Auth info was exported to ./.tmp/auth_info.json api\debug\debug.cpp:17 Carl Wyndel M. Asoy@LAPTOP-P50M6R9D
ERROR 2024-04-09 12:05:46,126 NE_RS_UNBLDRE: Unable to load application resource file /resources/favicon.ico api\debug\debug.cpp:20 Carl Wyndel M. Asoy@LAPTOP-P50M6R9D
INFO 2024-04-09 12:11:33,269 Auth info was exported to ./.tmp/auth_info.json api\debug\debug.cpp:17 Carl Wyndel M. Asoy@LAPTOP-P50M6R9D
ERROR 2024-04-09 12:11:37,086 NE_RS_UNBLDRE: Unable to load application resource file /resources/favicon.ico api\debug\debug.cpp:20 Carl Wyndel M. Asoy@LAPTOP-P50M6R9D
INFO 2024-04-09 12:19:48,327 Auth info was exported to ./.tmp/auth_info.json api\debug\debug.cpp:17 Carl Wyndel M. Asoy@LAPTOP-P50M6R9D
ERROR 2024-04-09 12:19:49,658 NE_RS_UNBLDRE: Unable to load application resource file /resources/favicon.ico api\debug\debug.cpp:20 Carl Wyndel M. Asoy@LAPTOP-P50M6R9D
INFO 2024-04-09 12:23:31,747 Auth info was exported to ./.tmp/auth_info.json api\debug\debug.cpp:17 Carl Wyndel M. Asoy@LAPTOP-P50M6R9D
ERROR 2024-04-09 12:23:32,885 NE_RS_UNBLDRE: Unable to load application resource file /resources/favicon.ico api\debug\debug.cpp:20 Carl Wyndel M. Asoy@LAPTOP-P50M6R9D
INFO 2024-04-09 12:26:31,068 Auth info was exported to ./.tmp/auth_info.json api\debug\debug.cpp:17 Carl Wyndel M. Asoy@LAPTOP-P50M6R9D
ERROR 2024-04-09 12:26:32,173 NE_RS_UNBLDRE: Unable to load application resource file /resources/favicon.ico api\debug\debug.cpp:20 Carl Wyndel M. Asoy@LAPTOP-P50M6R9D
INFO 2024-04-09 12:27:18,980 Auth info was exported to ./.tmp/auth_info.json api\debug\debug.cpp:17 Carl Wyndel M. Asoy@LAPTOP-P50M6R9D
ERROR 2024-04-09 12:27:20,097 NE_RS_UNBLDRE: Unable to load application resource file /resources/favicon.ico api\debug\debug.cpp:20 Carl Wyndel M. Asoy@LAPTOP-P50M6R9D
INFO 2024-04-09 12:30:46,147 Auth info was exported to ./.tmp/auth_info.json api\debug\debug.cpp:17 Carl Wyndel M. Asoy@LAPTOP-P50M6R9D
ERROR 2024-04-09 12:30:47,239 NE_RS_UNBLDRE: Unable to load application resource file /resources/favicon.ico api\debug\debug.cpp:20 Carl Wyndel M. Asoy@LAPTOP-P50M6R9D
INFO 2024-04-09 12:32:45,436 Auth info was exported to ./.tmp/auth_info.json api\debug\debug.cpp:17 Carl Wyndel M. Asoy@LAPTOP-P50M6R9D
ERROR 2024-04-09 12:32:46,515 NE_RS_UNBLDRE: Unable to load application resource file /resources/favicon.ico api\debug\debug.cpp:20 Carl Wyndel M. Asoy@LAPTOP-P50M6R9D
INFO 2024-04-09 12:33:56,773 Auth info was exported to ./.tmp/auth_info.json api\debug\debug.cpp:17 Carl Wyndel M. Asoy@LAPTOP-P50M6R9D
ERROR 2024-04-09 12:33:59,324 NE_RS_UNBLDRE: Unable to load application resource file /resources/favicon.ico api\debug\debug.cpp:20 Carl Wyndel M. Asoy@LAPTOP-P50M6R9D
INFO 2024-04-09 15:08:14,287 Auth info was exported to ./.tmp/auth_info.json api\debug\debug.cpp:17 Carl Wyndel M. Asoy@LAPTOP-P50M6R9D
ERROR 2024-04-09 15:08:15,031 NE_RS_UNBLDRE: Unable to load application resource file /resources/index.html api\debug\debug.cpp:20 Carl Wyndel M. Asoy@LAPTOP-P50M6R9D
INFO 2024-04-09 15:09:21,098 Auth info was exported to ./.tmp/auth_info.json api\debug\debug.cpp:17 Carl Wyndel M. Asoy@LAPTOP-P50M6R9D
ERROR 2024-04-09 15:09:21,839 NE_RS_UNBLDRE: Unable to load application resource file /resources/index.html api\debug\debug.cpp:20 Carl Wyndel M. Asoy@LAPTOP-P50M6R9D
INFO 2024-04-09 15:11:43,937 Auth info was exported to ./.tmp/auth_info.json api\debug\debug.cpp:17 Carl Wyndel M. Asoy@LAPTOP-P50M6R9D
ERROR 2024-04-09 15:11:44,818 NE_RS_UNBLDRE: Unable to load application resource file /resources/favicon.ico api\debug\debug.cpp:20 Carl Wyndel M. Asoy@LAPTOP-P50M6R9D
INFO 2024-04-09 15:19:10,246 Auth info was exported to ./.tmp/auth_info.json api\debug\debug.cpp:17 Carl Wyndel M. Asoy@LAPTOP-P50M6R9D
ERROR 2024-04-09 15:19:11,353 NE_RS_UNBLDRE: Unable to load application resource file /resources/favicon.ico api\debug\debug.cpp:20 Carl Wyndel M. Asoy@LAPTOP-P50M6R9D
INFO 2024-04-09 15:36:28,031 Auth info was exported to ./.tmp/auth_info.json api\debug\debug.cpp:17 Carl Wyndel M. Asoy@LAPTOP-P50M6R9D
ERROR 2024-04-09 15:36:29,104 NE_RS_UNBLDRE: Unable to load application resource file /resources/favicon.ico api\debug\debug.cpp:20 Carl Wyndel M. Asoy@LAPTOP-P50M6R9D
ERROR 2024-04-09 15:36:40,434 NE_RS_UNBLDRE: Unable to load application resource file /resources/index2.html api\debug\debug.cpp:20 Carl Wyndel M. Asoy@LAPTOP-P50M6R9D
ERROR 2024-04-09 15:36:45,113 NE_RS_UNBLDRE: Unable to load application resource file /resources/index2.html api\debug\debug.cpp:20 Carl Wyndel M. Asoy@LAPTOP-P50M6R9D
INFO 2024-04-09 15:38:26,897 Auth info was exported to ./.tmp/auth_info.json api\debug\debug.cpp:17 Carl Wyndel M. Asoy@LAPTOP-P50M6R9D
ERROR 2024-04-09 15:38:28,170 NE_RS_UNBLDRE: Unable to load application resource file /resources/favicon.ico api\debug\debug.cpp:20 Carl Wyndel M. Asoy@LAPTOP-P50M6R9D
INFO 2024-04-09 15:39:28,524 Auth info was exported to ./.tmp/auth_info.json api\debug\debug.cpp:17 Carl Wyndel M. Asoy@LAPTOP-P50M6R9D
ERROR 2024-04-09 15:39:29,658 NE_RS_UNBLDRE: Unable to load application resource file /resources/favicon.ico api\debug\debug.cpp:20 Carl Wyndel M. Asoy@LAPTOP-P50M6R9D
INFO 2024-04-09 15:48:28,157 Auth info was exported to ./.tmp/auth_info.json api\debug\debug.cpp:17 Carl Wyndel M. Asoy@LAPTOP-P50M6R9D
ERROR 2024-04-09 15:48:29,351 NE_RS_UNBLDRE: Unable to load application resource file /resources/favicon.ico api\debug\debug.cpp:20 Carl Wyndel M. Asoy@LAPTOP-P50M6R9D
INFO 2024-04-09 15:51:25,157 Auth info was exported to ./.tmp/auth_info.json api\debug\debug.cpp:17 Carl Wyndel M. Asoy@LAPTOP-P50M6R9D
ERROR 2024-04-09 15:51:26,541 NE_RS_UNBLDRE: Unable to load application resource file /resources/favicon.ico api\debug\debug.cpp:20 Carl Wyndel M. Asoy@LAPTOP-P50M6R9D
INFO 2024-04-09 16:04:16,753 Auth info was exported to ./.tmp/auth_info.json api\debug\debug.cpp:17 Carl Wyndel M. Asoy@LAPTOP-P50M6R9D
ERROR 2024-04-09 16:04:17,919 NE_RS_UNBLDRE: Unable to load application resource file /resources/favicon.ico api\debug\debug.cpp:20 Carl Wyndel M. Asoy@LAPTOP-P50M6R9D
INFO 2024-04-09 16:08:59,993 Reloading the application... api\debug\debug.cpp:17 Carl Wyndel M. Asoy@LAPTOP-P50M6R9D
INFO 2024-04-09 16:09:24,782 Auth info was exported to ./.tmp/auth_info.json api\debug\debug.cpp:17 Carl Wyndel M. Asoy@LAPTOP-P50M6R9D
ERROR 2024-04-09 16:09:25,933 NE_RS_UNBLDRE: Unable to load application resource file /resources/favicon.ico api\debug\debug.cpp:20 Carl Wyndel M. Asoy@LAPTOP-P50M6R9D
INFO 2024-04-09 16:12:56,948 Auth info was exported to ./.tmp/auth_info.json api\debug\debug.cpp:17 Carl Wyndel M. Asoy@LAPTOP-P50M6R9D
ERROR 2024-04-09 16:12:58,058 NE_RS_UNBLDRE: Unable to load application resource file /resources/favicon.ico api\debug\debug.cpp:20 Carl Wyndel M. Asoy@LAPTOP-P50M6R9D
INFO 2024-04-09 16:13:59,031 Reloading the application... api\debug\debug.cpp:17 Carl Wyndel M. Asoy@LAPTOP-P50M6R9D
INFO 2024-04-09 16:14:13,977 Reloading the application... api\debug\debug.cpp:17 Carl Wyndel M. Asoy@LAPTOP-P50M6R9D
INFO 2024-04-09 16:14:26,260 Reloading the application... api\debug\debug.cpp:17 Carl Wyndel M. Asoy@LAPTOP-P50M6R9D
INFO 2024-04-09 16:14:39,774 Reloading the application... api\debug\debug.cpp:17 Carl Wyndel M. Asoy@LAPTOP-P50M6R9D
INFO 2024-04-09 16:15:26,860 Reloading the application... api\debug\debug.cpp:17 Carl Wyndel M. Asoy@LAPTOP-P50M6R9D
INFO 2024-04-09 16:15:39,989 Reloading the application... api\debug\debug.cpp:17 Carl Wyndel M. Asoy@LAPTOP-P50M6R9D
INFO 2024-04-09 16:15:55,832 Reloading the application... api\debug\debug.cpp:17 Carl Wyndel M. Asoy@LAPTOP-P50M6R9D
INFO 2024-04-09 16:16:38,044 Reloading the application... api\debug\debug.cpp:17 Carl Wyndel M. Asoy@LAPTOP-P50M6R9D
INFO 2024-04-09 16:17:21,668 Reloading the application... api\debug\debug.cpp:17 Carl Wyndel M. Asoy@LAPTOP-P50M6R9D
INFO 2024-04-09 16:17:39,029 Reloading the application... api\debug\debug.cpp:17 Carl Wyndel M. Asoy@LAPTOP-P50M6R9D
INFO 2024-04-09 16:17:44,322 Reloading the application... api\debug\debug.cpp:17 Carl Wyndel M. Asoy@LAPTOP-P50M6R9D
INFO 2024-04-09 16:18:03,292 Reloading the application... api\debug\debug.cpp:17 Carl Wyndel M. Asoy@LAPTOP-P50M6R9D
INFO 2024-04-09 16:18:05,085 Reloading the application... api\debug\debug.cpp:17 Carl Wyndel M. Asoy@LAPTOP-P50M6R9D
INFO 2024-04-09 16:18:11,818 Reloading the application... api\debug\debug.cpp:17 Carl Wyndel M. Asoy@LAPTOP-P50M6R9D
INFO 2024-04-09 16:18:47,149 Reloading the application... api\debug\debug.cpp:17 Carl Wyndel M. Asoy@LAPTOP-P50M6R9D
INFO 2024-04-09 16:18:54,662 Reloading the application... api\debug\debug.cpp:17 Carl Wyndel M. Asoy@LAPTOP-P50M6R9D
INFO 2024-04-09 16:30:24,098 Reloading the application... api\debug\debug.cpp:17 Carl Wyndel M. Asoy@LAPTOP-P50M6R9D
INFO 2024-04-09 16:32:52,946 Reloading the application... api\debug\debug.cpp:17 Carl Wyndel M. Asoy@LAPTOP-P50M6R9D
INFO 2024-04-09 16:32:54,731 Reloading the application... api\debug\debug.cpp:17 Carl Wyndel M. Asoy@LAPTOP-P50M6R9D
INFO 2024-04-09 16:46:12,844 Auth info was exported to ./.tmp/auth_info.json api\debug\debug.cpp:17 Carl Wyndel M. Asoy@LAPTOP-P50M6R9D
ERROR 2024-04-09 16:46:13,964 NE_RS_UNBLDRE: Unable to load application resource file /resources/favicon.ico api\debug\debug.cpp:20 Carl Wyndel M. Asoy@LAPTOP-P50M6R9D
INFO 2024-04-09 16:55:38,230 Reloading the application... api\debug\debug.cpp:17 Carl Wyndel M. Asoy@LAPTOP-P50M6R9D
INFO 2024-04-09 19:06:46,914 Auth info was exported to ./.tmp/auth_info.json api\debug\debug.cpp:17 Carl Wyndel M. Asoy@LAPTOP-P50M6R9D
ERROR 2024-04-09 19:06:48,557 NE_RS_UNBLDRE: Unable to load application resource file /resources/favicon.ico api\debug\debug.cpp:20 Carl Wyndel M. Asoy@LAPTOP-P50M6R9D
INFO 2024-04-09 19:09:33,310 Auth info was exported to ./.tmp/auth_info.json api\debug\debug.cpp:17 Carl Wyndel M. Asoy@LAPTOP-P50M6R9D
ERROR 2024-04-09 19:09:34,453 NE_RS_UNBLDRE: Unable to load application resource file /resources/favicon.ico api\debug\debug.cpp:20 Carl Wyndel M. Asoy@LAPTOP-P50M6R9D
INFO 2024-04-09 19:09:57,610 Reloading the application... api\debug\debug.cpp:17 Carl Wyndel M. Asoy@LAPTOP-P50M6R9D
INFO 2024-04-09 19:10:26,106 Auth info was exported to ./.tmp/auth_info.json api\debug\debug.cpp:17 Carl Wyndel M. Asoy@LAPTOP-P50M6R9D
ERROR 2024-04-09 19:10:27,482 NE_RS_UNBLDRE: Unable to load application resource file /resources/favicon.ico api\debug\debug.cpp:20 Carl Wyndel M. Asoy@LAPTOP-P50M6R9D
INFO 2024-04-09 19:10:49,953 Auth info was exported to ./.tmp/auth_info.json api\debug\debug.cpp:17 Carl Wyndel M. Asoy@LAPTOP-P50M6R9D
ERROR 2024-04-09 19:10:51,253 NE_RS_UNBLDRE: Unable to load application resource file /resources/favicon.ico api\debug\debug.cpp:20 Carl Wyndel M. Asoy@LAPTOP-P50M6R9D
INFO 2024-04-09 19:11:16,333 Reloading the application... api\debug\debug.cpp:17 Carl Wyndel M. Asoy@LAPTOP-P50M6R9D
INFO 2024-04-09 19:11:16,342 Reloading the application... api\debug\debug.cpp:17 Carl Wyndel M. Asoy@LAPTOP-P50M6R9D
INFO 2024-04-09 19:15:54,427 Auth info was exported to ./.tmp/auth_info.json api\debug\debug.cpp:17 Carl Wyndel M. Asoy@LAPTOP-P50M6R9D
ERROR 2024-04-09 19:15:55,545 NE_RS_UNBLDRE: Unable to load application resource file /resources/favicon.ico api\debug\debug.cpp:20 Carl Wyndel M. Asoy@LAPTOP-P50M6R9D
INFO 2024-04-09 19:16:53,337 Reloading the application... api\debug\debug.cpp:17 Carl Wyndel M. Asoy@LAPTOP-P50M6R9D
INFO 2024-04-09 19:17:52,106 Reloading the application... api\debug\debug.cpp:17 Carl Wyndel M. Asoy@LAPTOP-P50M6R9D
INFO 2024-04-09 19:17:52,245 Reloading the application... api\debug\debug.cpp:17 Carl Wyndel M. Asoy@LAPTOP-P50M6R9D
INFO 2024-04-09 19:17:52,371 Reloading the application... api\debug\debug.cpp:17 Carl Wyndel M. Asoy@LAPTOP-P50M6R9D
INFO 2024-04-09 19:18:28,809 Auth info was exported to ./.tmp/auth_info.json api\debug\debug.cpp:17 Carl Wyndel M. Asoy@LAPTOP-P50M6R9D
ERROR 2024-04-09 19:18:30,259 NE_RS_UNBLDRE: Unable to load application resource file /resources/favicon.ico api\debug\debug.cpp:20 Carl Wyndel M. Asoy@LAPTOP-P50M6R9D
INFO 2024-04-09 19:21:31,519 Auth info was exported to ./.tmp/auth_info.json api\debug\debug.cpp:17 Carl Wyndel M. Asoy@LAPTOP-P50M6R9D
ERROR 2024-04-09 19:21:32,631 NE_RS_UNBLDRE: Unable to load application resource file /resources/favicon.ico api\debug\debug.cpp:20 Carl Wyndel M. Asoy@LAPTOP-P50M6R9D
INFO 2024-04-09 19:22:45,070 Reloading the application... api\debug\debug.cpp:17 Carl Wyndel M. Asoy@LAPTOP-P50M6R9D
INFO 2024-04-09 19:22:45,072 Reloading the application... api\debug\debug.cpp:17 Carl Wyndel M. Asoy@LAPTOP-P50M6R9D
INFO 2024-04-09 19:23:18,096 Reloading the application... api\debug\debug.cpp:17 Carl Wyndel M. Asoy@LAPTOP-P50M6R9D
INFO 2024-04-09 19:23:18,097 Reloading the application... api\debug\debug.cpp:17 Carl Wyndel M. Asoy@LAPTOP-P50M6R9D
INFO 2024-04-09 19:23:21,811 Reloading the application... api\debug\debug.cpp:17 Carl Wyndel M. Asoy@LAPTOP-P50M6R9D
INFO 2024-04-09 19:23:21,815 Reloading the application... api\debug\debug.cpp:17 Carl Wyndel M. Asoy@LAPTOP-P50M6R9D
INFO 2024-04-09 19:23:50,388 Reloading the application... api\debug\debug.cpp:17 Carl Wyndel M. Asoy@LAPTOP-P50M6R9D
INFO 2024-04-09 19:23:50,388 Reloading the application... api\debug\debug.cpp:17 Carl Wyndel M. Asoy@LAPTOP-P50M6R9D
INFO 2024-04-09 19:24:16,212 Reloading the application... api\debug\debug.cpp:17 Carl Wyndel M. Asoy@LAPTOP-P50M6R9D
INFO 2024-04-09 19:24:16,226 Reloading the application... api\debug\debug.cpp:17 Carl Wyndel M. Asoy@LAPTOP-P50M6R9D
INFO 2024-04-09 19:24:49,833 Auth info was exported to ./.tmp/auth_info.json api\debug\debug.cpp:17 Carl Wyndel M. Asoy@LAPTOP-P50M6R9D
ERROR 2024-04-09 19:24:51,563 NE_RS_UNBLDRE: Unable to load application resource file /resources/favicon.ico api\debug\debug.cpp:20 Carl Wyndel M. Asoy@LAPTOP-P50M6R9D
INFO 2024-04-09 19:25:11,471 Auth info was exported to ./.tmp/auth_info.json api\debug\debug.cpp:17 Carl Wyndel M. Asoy@LAPTOP-P50M6R9D
ERROR 2024-04-09 19:25:12,650 NE_RS_UNBLDRE: Unable to load application resource file /resources/favicon.ico api\debug\debug.cpp:20 Carl Wyndel M. Asoy@LAPTOP-P50M6R9D
INFO 2024-04-09 19:36:05,897 Auth info was exported to ./.tmp/auth_info.json api\debug\debug.cpp:17 Carl Wyndel M. Asoy@LAPTOP-P50M6R9D
ERROR 2024-04-09 19:36:06,930 NE_RS_UNBLDRE: Unable to load application resource file /resources/favicon.ico api\debug\debug.cpp:20 Carl Wyndel M. Asoy@LAPTOP-P50M6R9D
INFO 2024-04-09 19:40:21,012 Reloading the application... api\debug\debug.cpp:17 Carl Wyndel M. Asoy@LAPTOP-P50M6R9D
INFO 2024-04-09 19:40:41,190 Auth info was exported to ./.tmp/auth_info.json api\debug\debug.cpp:17 Carl Wyndel M. Asoy@LAPTOP-P50M6R9D
ERROR 2024-04-09 19:40:42,195 NE_RS_UNBLDRE: Unable to load application resource file /resources/favicon.ico api\debug\debug.cpp:20 Carl Wyndel M. Asoy@LAPTOP-P50M6R9D
INFO 2024-04-09 19:41:19,375 Auth info was exported to ./.tmp/auth_info.json api\debug\debug.cpp:17 Carl Wyndel M. Asoy@LAPTOP-P50M6R9D
ERROR 2024-04-09 19:41:20,410 NE_RS_UNBLDRE: Unable to load application resource file /resources/favicon.ico api\debug\debug.cpp:20 Carl Wyndel M. Asoy@LAPTOP-P50M6R9D
INFO 2024-04-09 19:46:17,075 Auth info was exported to ./.tmp/auth_info.json api\debug\debug.cpp:17 Carl Wyndel M. Asoy@LAPTOP-P50M6R9D
ERROR 2024-04-09 19:46:18,060 NE_RS_UNBLDRE: Unable to load application resource file /resources/favicon.ico api\debug\debug.cpp:20 Carl Wyndel M. Asoy@LAPTOP-P50M6R9D
INFO 2024-04-09 19:46:38,390 Auth info was exported to ./.tmp/auth_info.json api\debug\debug.cpp:17 Carl Wyndel M. Asoy@LAPTOP-P50M6R9D
ERROR 2024-04-09 19:46:39,389 NE_RS_UNBLDRE: Unable to load application resource file /resources/favicon.ico api\debug\debug.cpp:20 Carl Wyndel M. Asoy@LAPTOP-P50M6R9D
INFO 2024-04-09 19:47:53,555 Reloading the application... api\debug\debug.cpp:17 Carl Wyndel M. Asoy@LAPTOP-P50M6R9D
INFO 2024-04-09 19:53:21,230 Reloading the application... api\debug\debug.cpp:17 Carl Wyndel M. Asoy@LAPTOP-P50M6R9D
INFO 2024-04-09 19:54:12,693 Reloading the application... api\debug\debug.cpp:17 Carl Wyndel M. Asoy@LAPTOP-P50M6R9D
INFO 2024-04-09 19:54:40,054 Auth info was exported to ./.tmp/auth_info.json api\debug\debug.cpp:17 Carl Wyndel M. Asoy@LAPTOP-P50M6R9D
ERROR 2024-04-09 19:54:41,043 NE_RS_UNBLDRE: Unable to load application resource file /resources/favicon.ico api\debug\debug.cpp:20 Carl Wyndel M. Asoy@LAPTOP-P50M6R9D
INFO 2024-04-09 19:56:13,785 Reloading the application... api\debug\debug.cpp:17 Carl Wyndel M. Asoy@LAPTOP-P50M6R9D
INFO 2024-04-09 19:56:27,229 Auth info was exported to ./.tmp/auth_info.json api\debug\debug.cpp:17 Carl Wyndel M. Asoy@LAPTOP-P50M6R9D
ERROR 2024-04-09 19:56:28,516 NE_RS_UNBLDRE: Unable to load application resource file /resources/favicon.ico api\debug\debug.cpp:20 Carl Wyndel M. Asoy@LAPTOP-P50M6R9D
INFO 2024-04-09 19:57:55,115 Auth info was exported to ./.tmp/auth_info.json api\debug\debug.cpp:17 Carl Wyndel M. Asoy@LAPTOP-P50M6R9D
ERROR 2024-04-09 19:57:56,449 NE_RS_UNBLDRE: Unable to load application resource file /resources/favicon.ico api\debug\debug.cpp:20 Carl Wyndel M. Asoy@LAPTOP-P50M6R9D
INFO 2024-04-09 20:00:16,475 Reloading the application... api\debug\debug.cpp:17 Carl Wyndel M. Asoy@LAPTOP-P50M6R9D
INFO 2024-04-09 21:12:10,720 Auth info was exported to ./.tmp/auth_info.json api\debug\debug.cpp:17 Carl Wyndel M. Asoy@LAPTOP-P50M6R9D
ERROR 2024-04-09 21:12:11,769 NE_RS_UNBLDRE: Unable to load application resource file /resources/favicon.ico api\debug\debug.cpp:20 Carl Wyndel M. Asoy@LAPTOP-P50M6R9D
INFO 2024-04-09 21:13:22,407 Auth info was exported to ./.tmp/auth_info.json api\debug\debug.cpp:17 Carl Wyndel M. Asoy@LAPTOP-P50M6R9D
ERROR 2024-04-09 21:13:23,706 NE_RS_UNBLDRE: Unable to load application resource file /resources/favicon.ico api\debug\debug.cpp:20 Carl Wyndel M. Asoy@LAPTOP-P50M6R9D
INFO 2024-04-09 21:13:58,731 Auth info was exported to ./.tmp/auth_info.json api\debug\debug.cpp:17 Carl Wyndel M. Asoy@LAPTOP-P50M6R9D
ERROR 2024-04-09 21:13:59,708 NE_RS_UNBLDRE: Unable to load application resource file /resources/favicon.ico api\debug\debug.cpp:20 Carl Wyndel M. Asoy@LAPTOP-P50M6R9D
INFO 2024-04-09 21:14:49,672 Reloading the application... api\debug\debug.cpp:17 Carl Wyndel M. Asoy@LAPTOP-P50M6R9D
INFO 2024-04-09 21:15:31,741 Reloading the application... api\debug\debug.cpp:17 Carl Wyndel M. Asoy@LAPTOP-P50M6R9D
INFO 2024-04-09 21:18:13,115 Reloading the application... api\debug\debug.cpp:17 Carl Wyndel M. Asoy@LAPTOP-P50M6R9D
INFO 2024-04-09 21:27:25,786 Auth info was exported to ./.tmp/auth_info.json api\debug\debug.cpp:17 Carl Wyndel M. Asoy@LAPTOP-P50M6R9D
ERROR 2024-04-09 21:27:27,154 NE_RS_UNBLDRE: Unable to load application resource file /resources/favicon.ico api\debug\debug.cpp:20 Carl Wyndel M. Asoy@LAPTOP-P50M6R9D
INFO 2024-04-09 21:27:57,495 Auth info was exported to ./.tmp/auth_info.json api\debug\debug.cpp:17 Carl Wyndel M. Asoy@LAPTOP-P50M6R9D
ERROR 2024-04-09 21:27:58,816 NE_RS_UNBLDRE: Unable to load application resource file /resources/favicon.ico api\debug\debug.cpp:20 Carl Wyndel M. Asoy@LAPTOP-P50M6R9D
INFO 2024-04-09 21:28:44,055 Auth info was exported to ./.tmp/auth_info.json api\debug\debug.cpp:17 Carl Wyndel M. Asoy@LAPTOP-P50M6R9D
ERROR 2024-04-09 21:28:45,414 NE_RS_UNBLDRE: Unable to load application resource file /resources/favicon.ico api\debug\debug.cpp:20 Carl Wyndel M. Asoy@LAPTOP-P50M6R9D
INFO 2024-04-09 23:09:25,119 Auth info was exported to ./.tmp/auth_info.json api\debug\debug.cpp:17 Carl Wyndel M. Asoy@LAPTOP-P50M6R9D
ERROR 2024-04-09 23:09:26,561 NE_RS_UNBLDRE: Unable to load application resource file /resources/favicon.ico api\debug\debug.cpp:20 Carl Wyndel M. Asoy@LAPTOP-P50M6R9D
INFO 2024-04-09 23:11:21,683 Auth info was exported to ./.tmp/auth_info.json api\debug\debug.cpp:17 Carl Wyndel M. Asoy@LAPTOP-P50M6R9D
ERROR 2024-04-09 23:11:22,799 NE_RS_UNBLDRE: Unable to load application resource file /resources/favicon.ico api\debug\debug.cpp:20 Carl Wyndel M. Asoy@LAPTOP-P50M6R9D
INFO 2024-04-09 23:12:18,310 Auth info was exported to ./.tmp/auth_info.json api\debug\debug.cpp:17 Carl Wyndel M. Asoy@LAPTOP-P50M6R9D
ERROR 2024-04-09 23:12:19,398 NE_RS_UNBLDRE: Unable to load application resource file /resources/favicon.ico api\debug\debug.cpp:20 Carl Wyndel M. Asoy@LAPTOP-P50M6R9D
INFO 2024-04-09 23:13:11,590 Auth info was exported to ./.tmp/auth_info.json api\debug\debug.cpp:17 Carl Wyndel M. Asoy@LAPTOP-P50M6R9D
ERROR 2024-04-09 23:13:12,977 NE_RS_UNBLDRE: Unable to load application resource file /resources/favicon.ico api\debug\debug.cpp:20 Carl Wyndel M. Asoy@LAPTOP-P50M6R9D
INFO 2024-04-09 23:13:42,764 Auth info was exported to ./.tmp/auth_info.json api\debug\debug.cpp:17 Carl Wyndel M. Asoy@LAPTOP-P50M6R9D
ERROR 2024-04-09 23:13:44,179 NE_RS_UNBLDRE: Unable to load application resource file /resources/favicon.ico api\debug\debug.cpp:20 Carl Wyndel M. Asoy@LAPTOP-P50M6R9D
INFO 2024-04-09 23:15:13,108 Auth info was exported to ./.tmp/auth_info.json api\debug\debug.cpp:17 Carl Wyndel M. Asoy@LAPTOP-P50M6R9D
ERROR 2024-04-09 23:15:14,205 NE_RS_UNBLDRE: Unable to load application resource file /resources/favicon.ico api\debug\debug.cpp:20 Carl Wyndel M. Asoy@LAPTOP-P50M6R9D
INFO 2024-04-09 23:19:37,656 Auth info was exported to ./.tmp/auth_info.json api\debug\debug.cpp:17 Carl Wyndel M. Asoy@LAPTOP-P50M6R9D
ERROR 2024-04-09 23:19:39,196 NE_RS_UNBLDRE: Unable to load application resource file /resources/favicon.ico api\debug\debug.cpp:20 Carl Wyndel M. Asoy@LAPTOP-P50M6R9D
INFO 2024-04-09 23:20:12,066 Auth info was exported to ./.tmp/auth_info.json api\debug\debug.cpp:17 Carl Wyndel M. Asoy@LAPTOP-P50M6R9D
ERROR 2024-04-09 23:20:12,974 NE_RS_UNBLDRE: Unable to load application resource file /resources/favicon.ico api\debug\debug.cpp:20 Carl Wyndel M. Asoy@LAPTOP-P50M6R9D
INFO 2024-04-09 23:21:00,198 Auth info was exported to ./.tmp/auth_info.json api\debug\debug.cpp:17 Carl Wyndel M. Asoy@LAPTOP-P50M6R9D
ERROR 2024-04-09 23:21:01,339 NE_RS_UNBLDRE: Unable to load application resource file /resources/favicon.ico api\debug\debug.cpp:20 Carl Wyndel M. Asoy@LAPTOP-P50M6R9D
INFO 2024-04-09 23:22:48,742 Auth info was exported to ./.tmp/auth_info.json api\debug\debug.cpp:17 Carl Wyndel M. Asoy@LAPTOP-P50M6R9D
ERROR 2024-04-09 23:22:49,835 NE_RS_UNBLDRE: Unable to load application resource file /resources/favicon.ico api\debug\debug.cpp:20 Carl Wyndel M. Asoy@LAPTOP-P50M6R9D
INFO 2024-04-09 23:40:49,287 Auth info was exported to ./.tmp/auth_info.json api\debug\debug.cpp:17 Carl Wyndel M. Asoy@LAPTOP-P50M6R9D
ERROR 2024-04-09 23:40:50,226 NE_RS_UNBLDRE: Unable to load application resource file /resources/favicon.ico api\debug\debug.cpp:20 Carl Wyndel M. Asoy@LAPTOP-P50M6R9D
INFO 2024-04-09 23:46:08,890 Auth info was exported to ./.tmp/auth_info.json api\debug\debug.cpp:17 Carl Wyndel M. Asoy@LAPTOP-P50M6R9D
ERROR 2024-04-09 23:46:09,896 NE_RS_UNBLDRE: Unable to load application resource file /resources/favicon.ico api\debug\debug.cpp:20 Carl Wyndel M. Asoy@LAPTOP-P50M6R9D
INFO 2024-04-10 00:25:43,455 Auth info was exported to ./.tmp/auth_info.json api\debug\debug.cpp:17 Carl Wyndel M. Asoy@LAPTOP-P50M6R9D
ERROR 2024-04-10 00:25:44,480 NE_RS_UNBLDRE: Unable to load application resource file /resources/favicon.ico api\debug\debug.cpp:20 Carl Wyndel M. Asoy@LAPTOP-P50M6R9D
INFO 2024-04-10 00:29:55,271 Auth info was exported to ./.tmp/auth_info.json api\debug\debug.cpp:17 Carl Wyndel M. Asoy@LAPTOP-P50M6R9D
ERROR 2024-04-10 00:29:56,262 NE_RS_UNBLDRE: Unable to load application resource file /resources/favicon.ico api\debug\debug.cpp:20 Carl Wyndel M. Asoy@LAPTOP-P50M6R9D
INFO 2024-04-10 00:35:36,485 Auth info was exported to ./.tmp/auth_info.json api\debug\debug.cpp:17 Carl Wyndel M. Asoy@LAPTOP-P50M6R9D
ERROR 2024-04-10 00:35:37,531 NE_RS_UNBLDRE: Unable to load application resource file /resources/favicon.ico api\debug\debug.cpp:20 Carl Wyndel M. Asoy@LAPTOP-P50M6R9D
INFO 2024-04-10 00:37:31,530 Auth info was exported to ./.tmp/auth_info.json api\debug\debug.cpp:17 Carl Wyndel M. Asoy@LAPTOP-P50M6R9D
ERROR 2024-04-10 00:37:32,547 NE_RS_UNBLDRE: Unable to load application resource file /resources/favicon.ico api\debug\debug.cpp:20 Carl Wyndel M. Asoy@LAPTOP-P50M6R9D
INFO 2024-04-10 00:40:40,118 Auth info was exported to ./.tmp/auth_info.json api\debug\debug.cpp:17 Carl Wyndel M. Asoy@LAPTOP-P50M6R9D
ERROR 2024-04-10 00:40:41,407 NE_RS_UNBLDRE: Unable to load application resource file /resources/favicon.ico api\debug\debug.cpp:20 Carl Wyndel M. Asoy@LAPTOP-P50M6R9D
INFO 2024-04-10 00:43:06,765 Auth info was exported to ./.tmp/auth_info.json api\debug\debug.cpp:17 Carl Wyndel M. Asoy@LAPTOP-P50M6R9D
ERROR 2024-04-10 00:43:08,087 NE_RS_UNBLDRE: Unable to load application resource file /resources/favicon.ico api\debug\debug.cpp:20 Carl Wyndel M. Asoy@LAPTOP-P50M6R9D
INFO 2024-04-10 00:44:06,897 Auth info was exported to ./.tmp/auth_info.json api\debug\debug.cpp:17 Carl Wyndel M. Asoy@LAPTOP-P50M6R9D
ERROR 2024-04-10 00:44:07,879 NE_RS_UNBLDRE: Unable to load application resource file /resources/favicon.ico api\debug\debug.cpp:20 Carl Wyndel M. Asoy@LAPTOP-P50M6R9D
INFO 2024-04-10 00:44:25,766 Auth info was exported to ./.tmp/auth_info.json api\debug\debug.cpp:17 Carl Wyndel M. Asoy@LAPTOP-P50M6R9D
ERROR 2024-04-10 00:44:27,378 NE_RS_UNBLDRE: Unable to load application resource file /resources/favicon.ico api\debug\debug.cpp:20 Carl Wyndel M. Asoy@LAPTOP-P50M6R9D
INFO 2024-04-10 00:52:51,262 Auth info was exported to ./.tmp/auth_info.json api\debug\debug.cpp:17 Carl Wyndel M. Asoy@LAPTOP-P50M6R9D
ERROR 2024-04-10 00:52:52,691 NE_RS_UNBLDRE: Unable to load application resource file /resources/favicon.ico api\debug\debug.cpp:20 Carl Wyndel M. Asoy@LAPTOP-P50M6R9D
INFO 2024-04-10 02:24:19,800 Auth info was exported to ./.tmp/auth_info.json api\debug\debug.cpp:17 Carl Wyndel M. Asoy@LAPTOP-P50M6R9D
ERROR 2024-04-10 02:24:20,918 NE_RS_UNBLDRE: Unable to load application resource file /resources/favicon.ico api\debug\debug.cpp:20 Carl Wyndel M. Asoy@LAPTOP-P50M6R9D
INFO 2024-04-10 03:37:57,057 Auth info was exported to ./.tmp/auth_info.json api\debug\debug.cpp:17 Carl Wyndel M. Asoy@LAPTOP-P50M6R9D
ERROR 2024-04-10 03:37:58,080 NE_RS_UNBLDRE: Unable to load application resource file /resources/favicon.ico api\debug\debug.cpp:20 Carl Wyndel M. Asoy@LAPTOP-P50M6R9D
INFO 2024-04-10 03:41:15,262 Auth info was exported to ./.tmp/auth_info.json api\debug\debug.cpp:17 Carl Wyndel M. Asoy@LAPTOP-P50M6R9D
ERROR 2024-04-10 03:41:16,584 NE_RS_UNBLDRE: Unable to load application resource file /resources/favicon.ico api\debug\debug.cpp:20 Carl Wyndel M. Asoy@LAPTOP-P50M6R9D
INFO 2024-04-10 03:43:03,286 Auth info was exported to ./.tmp/auth_info.json api\debug\debug.cpp:17 Carl Wyndel M. Asoy@LAPTOP-P50M6R9D
ERROR 2024-04-10 03:43:04,321 NE_RS_UNBLDRE: Unable to load application resource file /resources/favicon.ico api\debug\debug.cpp:20 Carl Wyndel M. Asoy@LAPTOP-P50M6R9D
INFO 2024-04-10 03:45:13,314 Auth info was exported to ./.tmp/auth_info.json api\debug\debug.cpp:17 Carl Wyndel M. Asoy@LAPTOP-P50M6R9D
ERROR 2024-04-10 03:45:14,680 NE_RS_UNBLDRE: Unable to load application resource file /resources/favicon.ico api\debug\debug.cpp:20 Carl Wyndel M. Asoy@LAPTOP-P50M6R9D
INFO 2024-04-10 03:46:25,679 Auth info was exported to ./.tmp/auth_info.json api\debug\debug.cpp:17 Carl Wyndel M. Asoy@LAPTOP-P50M6R9D
ERROR 2024-04-10 03:46:27,007 NE_RS_UNBLDRE: Unable to load application resource file /resources/favicon.ico api\debug\debug.cpp:20 Carl Wyndel M. Asoy@LAPTOP-P50M6R9D
INFO 2024-04-10 03:50:07,662 Auth info was exported to ./.tmp/auth_info.json api\debug\debug.cpp:17 Carl Wyndel M. Asoy@LAPTOP-P50M6R9D
ERROR 2024-04-10 03:50:09,047 NE_RS_UNBLDRE: Unable to load application resource file /resources/favicon.ico api\debug\debug.cpp:20 Carl Wyndel M. Asoy@LAPTOP-P50M6R9D
INFO 2024-04-10 03:57:15,817 Auth info was exported to ./.tmp/auth_info.json api\debug\debug.cpp:17 Carl Wyndel M. Asoy@LAPTOP-P50M6R9D
ERROR 2024-04-10 03:57:16,893 NE_RS_UNBLDRE: Unable to load application resource file /resources/favicon.ico api\debug\debug.cpp:20 Carl Wyndel M. Asoy@LAPTOP-P50M6R9D
INFO 2024-04-10 03:59:09,096 Auth info was exported to ./.tmp/auth_info.json api\debug\debug.cpp:17 Carl Wyndel M. Asoy@LAPTOP-P50M6R9D
ERROR 2024-04-10 03:59:10,491 NE_RS_UNBLDRE: Unable to load application resource file /resources/favicon.ico api\debug\debug.cpp:20 Carl Wyndel M. Asoy@LAPTOP-P50M6R9D
INFO 2024-04-10 04:01:15,784 Auth info was exported to ./.tmp/auth_info.json api\debug\debug.cpp:17 Carl Wyndel M. Asoy@LAPTOP-P50M6R9D
ERROR 2024-04-10 04:01:17,151 NE_RS_UNBLDRE: Unable to load application resource file /resources/favicon.ico api\debug\debug.cpp:20 Carl Wyndel M. Asoy@LAPTOP-P50M6R9D
INFO 2024-04-10 04:03:08,984 Auth info was exported to ./.tmp/auth_info.json api\debug\debug.cpp:17 Carl Wyndel M. Asoy@LAPTOP-P50M6R9D
ERROR 2024-04-10 04:03:10,368 NE_RS_UNBLDRE: Unable to load application resource file /resources/favicon.ico api\debug\debug.cpp:20 Carl Wyndel M. Asoy@LAPTOP-P50M6R9D
INFO 2024-04-10 04:05:14,777 Reloading the application... api\debug\debug.cpp:17 Carl Wyndel M. Asoy@LAPTOP-P50M6R9D
INFO 2024-04-10 04:05:26,274 Auth info was exported to ./.tmp/auth_info.json api\debug\debug.cpp:17 Carl Wyndel M. Asoy@LAPTOP-P50M6R9D
ERROR 2024-04-10 04:05:27,328 NE_RS_UNBLDRE: Unable to load application resource file /resources/favicon.ico api\debug\debug.cpp:20 Carl Wyndel M. Asoy@LAPTOP-P50M6R9D
INFO 2024-04-10 04:06:34,259 Auth info was exported to ./.tmp/auth_info.json api\debug\debug.cpp:17 Carl Wyndel M. Asoy@LAPTOP-P50M6R9D
ERROR 2024-04-10 04:06:35,243 NE_RS_UNBLDRE: Unable to load application resource file /resources/favicon.ico api\debug\debug.cpp:20 Carl Wyndel M. Asoy@LAPTOP-P50M6R9D
INFO 2024-04-10 04:07:58,765 Auth info was exported to ./.tmp/auth_info.json api\debug\debug.cpp:17 Carl Wyndel M. Asoy@LAPTOP-P50M6R9D
ERROR 2024-04-10 04:07:59,761 NE_RS_UNBLDRE: Unable to load application resource file /resources/favicon.ico api\debug\debug.cpp:20 Carl Wyndel M. Asoy@LAPTOP-P50M6R9D
